<?xml version="1.0" encoding="UTF-8" standalone="yes"?>
<schemaMapping xmlns="http://www.3dcitydb.org/database/schema/3.0">
    <metadata>
        <adeId>UUID_754e965a-4a13-4c6e-9eda-3a0905d83d18</adeId>
        <name>testADE</name>
        <version>1.0</version>
        <description>test</description>
        <dbPrefix>test</dbPrefix>
    </metadata>
    <applicationSchemas>
        <schema id="TestADE" isADERoot="true">
            <namespace context="citygml-1.0">http://www.citygml.org/ade/TestADE/1.0</namespace>
            <namespace context="citygml-2.0">http://www.citygml.org/ade/TestADE/1.0</namespace>
        </schema>
    </applicationSchemas>
    <complexTypes>
        <complexType id="EnergyPerformanceCertificationType" table="test_EnergyPerformanceCer" path="EnergyPerformanceCertification" schema="TestADE">
            <attribute column="certificationName" type="string" path="certificationName" schema="TestADE"/>
            <attribute column="certificationid" type="string" path="certificationid" schema="TestADE"/>
        </complexType>
    </complexTypes>
    <featureTypes>
        <featureType abstract="true" id="_AbstractBuildingUnitType" table="test_BuildingUnit" objectClassId="20000" topLevel="true" path="_AbstractBuildingUnit" schema="TestADE">
            <extension base="AbstractCityObjectType">
                <join table="cityobject" fromColumn="ID" toColumn="ID"/>
            </extension>
            <complexAttribute path="class" schema="TestADE">
                <attribute column="class_uom" type="string" path="@uom" schema="TestADE"/>
                <attribute column="class" type="string" path="." schema="TestADE"/>
            </complexAttribute>
            <complexAttribute path="usage" schema="TestADE">
                <attribute column="usage_uom" type="string" path="@uom" schema="TestADE"/>
                <attribute column="usage" type="string" path="." schema="TestADE"/>
            </complexAttribute>
            <complexAttribute path="function" schema="TestADE">
                <attribute column="function_uom" type="string" path="@uom" schema="TestADE"/>
                <attribute column="function" type="string" path="." schema="TestADE"/>
            </complexAttribute>
            <complexProperty refType="EnergyPerformanceCertificationType" path="energyPerformanceCertification" schema="TestADE">
                <join table="test_EnergyPerformanceCer" fromColumn="BuildingUni_energyPerf_ID" toColumn="ID"/>
            </complexProperty>
            <geometryProperty inlineColumn="lod2MultiCurve" type="MultiCurve" path="lod2MultiCurve" schema="TestADE"/>
            <geometryProperty inlineColumn="lod3MultiCurve" type="MultiCurve" path="lod3MultiCurve" schema="TestADE"/>
            <geometryProperty inlineColumn="lod4MultiCurve" type="MultiCurve" path="lod4MultiCurve" schema="TestADE"/>
            <geometryProperty refColumn="lod1MultiSurface_ID" type="MultiSurface" path="lod1MultiSurface" schema="TestADE"/>
            <geometryProperty refColumn="lod2MultiSurface_ID" type="MultiSurface" path="lod2MultiSurface" schema="TestADE"/>
            <geometryProperty refColumn="lod3MultiSurface_ID" type="MultiSurface" path="lod3MultiSurface" schema="TestADE"/>
            <geometryProperty refColumn="lod4MultiSurface_ID" type="MultiSurface" path="lod4MultiSurface" schema="TestADE"/>
            <geometryProperty refColumn="lod1Solid_ID" type="AbstractSolid" path="lod1Solid" schema="TestADE"/>
            <geometryProperty refColumn="lod2Solid_ID" type="AbstractSolid" path="lod2Solid" schema="TestADE"/>
            <geometryProperty refColumn="lod3Solid_ID" type="AbstractSolid" path="lod3Solid" schema="TestADE"/>
            <geometryProperty refColumn="lod4Solid_ID" type="AbstractSolid" path="lod4Solid" schema="TestADE"/>
            <featureProperty target="AddressType" path="address" schema="TestADE">
                <joinTable table="test_BuildingU_to_address">
                    <join table="test_BuildingUnit" fromColumn="BuildingUnit_ID" toColumn="ID"/>
                    <join table="address" fromColumn="address_ID" toColumn="ID"/>
                </joinTable>
            </featureProperty>
            <featureProperty target="FacilitiesType" path="equippedWith" schema="TestADE">
                <join table="test_Facilities" fromColumn="BuildingUni_equippedWi_ID" toColumn="ID">
                    <condition column="objectclass_id" value="${target.objectclass_id}" type="integer"/>
                </join>
            </featureProperty>
            <featureProperty target="BuildingUnitPartType" path="consistsOf" schema="TestADE">
                <join table="test_BuildingUnit" fromColumn="BuildingUnit_Parent_ID" toColumn="ID">
                    <condition column="objectclass_id" value="${target.objectclass_id}" type="integer"/>
                </join>
            </featureProperty>
        </featureType>
        <featureType abstract="true" id="FacilitiesType" table="test_Facilities" objectClassId="20001" topLevel="true" path="Facilities" schema="TestADE">
            <extension base="AbstractFeatureType">
                <join table="cityobject" fromColumn="ID" toColumn="ID"/>
            </extension>
            <complexAttribute path="totalValue" schema="TestADE">
                <attribute column="totalValue_uom" type="string" path="@uom" schema="TestADE"/>
                <attribute column="totalValue" type="double" path="." schema="TestADE"/>
            </complexAttribute>
        </featureType>
        <featureType id="BuildingUnitPartType" table="test_BuildingUnit" objectClassId="20002" topLevel="true" path="BuildingUnitPart" schema="TestADE">
            <extension base="_AbstractBuildingUnitType"/>
        </featureType>
        <featureType id="BuildingUnitType" table="test_BuildingUnit" objectClassId="20003" topLevel="true" path="BuildingUnit" schema="TestADE">
            <extension base="_AbstractBuildingUnitType"/>
        </featureType>
        <featureType id="DHWFacilitiesType" table="test_Facilities" objectClassId="20004" topLevel="true" path="DHWFacilities" schema="TestADE">
            <extension base="FacilitiesType"/>
        </featureType>
        <featureType id="IndustrialBuildingType" table="test_IndustrialBuilding" objectClassId="20005" topLevel="true" path="IndustrialBuilding" schema="TestADE">
            <extension base="AbstractBuildingType">
                <join table="building" fromColumn="ID" toColumn="ID"/>
            </extension>
            <attribute column="remark" type="string" path="remark" schema="TestADE"/>
        </featureType>
        <featureType id="IndustrialBuildingPartType" table="test_IndustrialBuildingPa" objectClassId="20006" topLevel="true" path="IndustrialBuildingPart" schema="TestADE">
            <extension base="BuildingPartType">
                <join table="building" fromColumn="ID" toColumn="ID"/>
            </extension>
            <attribute column="remark" type="string" path="remark" schema="TestADE"/>
        </featureType>
        <featureType id="IndustrialBuildingRoofSurfaceType" table="test_IndustrialBuildingRo" objectClassId="20007" topLevel="true" path="IndustrialBuildingRoofSurface" schema="TestADE">
            <extension base="RoofSurfaceType">
                <join table="thematic_surface" fromColumn="ID" toColumn="ID"/>
            </extension>
            <attribute column="remark" type="string" path="remark" schema="TestADE"/>
        </featureType>
        <featureType id="LightingFacilitiesType" table="test_Facilities" objectClassId="20008" topLevel="true" path="LightingFacilities" schema="TestADE">
            <extension base="FacilitiesType"/>
        </featureType>
        <featureType id="OtherConstructionType" table="test_OtherConstruction" objectClassId="20009" topLevel="true" path="OtherConstruction" schema="TestADE">
            <extension base="AbstractSiteType">
                <join table="cityobject" fromColumn="ID" toColumn="ID"/>
            </extension>
            <featureProperty target="AbstractBoundarySurfaceType" path="boundedBy" schema="TestADE">
                <joinTable table="test_Other_to_thema_surfa">
                    <join table="test_OtherConstruction" fromColumn="OtherConstruction_ID" toColumn="ID"/>
                    <join table="thematic_surface" fromColumn="thematic_surface_ID" toColumn="ID"/>
                </joinTable>
            </featureProperty>
        </featureType>
    </featureTypes>
    <propertyInjections>
        <propertyInjection table="test_building" defaultBase="AbstractBuildingType">
            <join table="test_building" fromColumn="ID" toColumn="ID"/>
            <attribute column="ownerName" type="string" path="ownerName" schema="TestADE"/>
            <complexAttribute path="floorArea" schema="TestADE">
                <attribute column="floorArea_uom" type="string" path="@uom" schema="TestADE"/>
                <attribute column="floorArea" type="double" path="." schema="TestADE"/>
            </complexAttribute>
            <complexProperty path="energyPerformanceCertification" schema="TestADE">
                <type path="EnergyPerformanceCertification" schema="TestADE">
                    <attribute column="EnergyPerfor_certificatio" type="string" path="certificationName" schema="TestADE"/>
                    <attribute column="EnergyPerfo_certificati_1" type="string" path="certificationid" schema="TestADE"/>
                </type>
            </complexProperty>
            <featureProperty target="_AbstractBuildingUnitType" path="buildingUnit" schema="TestADE">
                <join table="test_BuildingUnit" fromColumn="building_buildingUnit_ID" toColumn="ID">
                    <condition column="objectclass_id" value="${target.objectclass_id}" type="integer"/>
                </join>
            </featureProperty>
        </propertyInjection>
    </propertyInjections>
</schemaMapping>
